<?xml version="1.0" encoding="UTF-8"?>
<testsuite xmlns:xsi="http://www.w3.org/2001/XMLSchema-instance" xsi:noNamespaceSchemaLocation="https://maven.apache.org/surefire/maven-surefire-plugin/xsd/surefire-test-report.xsd" name="com.packt.quarkus.chapter1.SimpleRestTest" time="2.101" tests="3" errors="0" skipped="0" failures="0">
  <properties>
[...]
</properties>
  <testcase name="testTimedGreetingEndpoint" classname="com.packt.quarkus.chapter1.SimpleRestTest" time="1.046"/>
  <testcase name="testHelloEndpoint" classname="com.packt.quarkus.chapter1.SimpleRestTest" time="0.02"/>
  <testcase name="testGreetingEndpoint" classname="com.packt.quarkus.chapter1.SimpleRestTest" time="0.091"/>
</testsuite>